<?xml version="1.0" encoding="UTF-8"?>
<!-- Generated by org.testng.reporters.JUnitReportReporter -->
<testsuite skipped="0" hostname="LAPTOP-VAU5NA13" name="test.RCB_TeamVerification" tests="2" failures="0" timestamp="03 Aug 2022 07:59:55 GMT" time="0.024" errors="0">
  <testcase name="validateForeignPlayersCount_RCB" time="0.021" classname="test.RCB_TeamVerification"/>
  <testcase name="validateWicketkeeperCount_RCB" time="0.003" classname="test.RCB_TeamVerification"/>
</testsuite> <!-- test.RCB_TeamVerification -->
